204
 0 -1 -1  1  0  0  0  0  0  0 
 1  0  1  1  0  0  0  0  0  0 
 1 -1  0  0 -1  0  0  0  0  0 
-1 -1  0  0  1  0  0  0  0  0 
 0  0  1 -1  0 -1  0  0  0  0 
 0  0  0  0  1  0  1  1  0  0 
 0  0  0  0  0 -1  0  0 -1  1 
 0  0  0  0  0 -1  0  0  1  1 
 0  0  0  0  0  0  1 -1  0  0 
 0  0  0  0  0  0 -1 -1  0  0 
415
 0 -1 -1  1  0  0  0  0  0  0 
 1  0  1  1  0  0  0  0  0  0 
 1 -1  0  0 -1  0  0  0  0  0 
-1 -1  0  0  1  0  0  0  0  0 
 0  0  1 -1  0 -1  0  0  0  0 
 0  0  0  0  1  0  1  1  0  0 
 0  0  0  0  0 -1  0  0 -1  1 
 0  0  0  0  0 -1  0  0  1  1 
 0  0  0  0  0  0  1 -1  0  0 
 0  0  0  0  0  0 -1 -1  0  0 
386
 0 -1 -1 -1  0  0  0  0  0  0 
 1  0 -1  1  0  0  0  0  0  0 
 1  1  0  0 -1  0  0  0  0  0 
 1 -1  0  0  1  0  0  0  0  0 
 0  0  1 -1  0 -1  0  0  0  0 
 0  0  0  0  1  0  0  1  0  0 
 0  0  0  0  0  0  0  0 -1  1 
 0  0  0  0  0 -1  0  0  1  1 
 0  0  0  0  0  0  1 -1  0  1 
 0  0  0  0  0  0 -1 -1 -1  0 
256
 0  1 -1  1  0  0  0  0  0  0 
-1  0  1  0  0  0  0  0  0  0 
 1 -1  0  0  1  0  0  0  0  0 
-1  0  0  0  1  0  0  0  0  0 
 0  0 -1 -1  0  1  0  0  0  0 
 0  0  0  0 -1  0  1  1  0  0 
 0  0  0  0  0 -1  0  0  1 -1 
 0  0  0  0  0 -1  0  0  1  1 
 0  0  0  0  0  0 -1 -1  0  1 
 0  0  0  0  0  0  1 -1 -1  0 
261
 0  1 -1  1  0  0  0  0  0  0 
-1  0  1  1  0  0  0  0  0  0 
 1 -1  0  0  1  0  0  0  0  0 
-1 -1  0  0  1  0  0  0  0  0 
 0  0 -1 -1  0  1  0  0  0  0 
 0  0  0  0 -1  0  1  1  0  0 
 0  0  0  0  0 -1  0  0  1 -1 
 0  0  0  0  0 -1  0  0  0  1 
 0  0  0  0  0  0 -1  0  0  1 
 0  0  0  0  0  0  1 -1 -1  0 
146
 0  0  1 -1  0  0  0  0  0  0 
 0  0 -1  1  0  0  0  0  0  0 
-1  1  0  0  1  0  0  0  0  0 
 1 -1  0  0  1  0  0  0  0  0 
 0  0 -1 -1  0  1  0  0  0  0 
 0  0  0  0 -1  0  1  1  0  0 
 0  0  0  0  0 -1  0  0  1 -1 
 0  0  0  0  0 -1  0  0  1  1 
 0  0  0  0  0  0 -1 -1  0  1 
 0  0  0  0  0  0  1 -1 -1  0 
275
 0  0  1 -1  0  0  0  0  0  0 
 0  0 -1  1  0  0  0  0  0  0 
-1  1  0  0  1  0  0  0  0  0 
 1 -1  0  0  1  0  0  0  0  0 
 0  0 -1 -1  0  1  0  0  0  0 
 0  0  0  0 -1  0  1  1  0  0 
 0  0  0  0  0 -1  0  0  1 -1 
 0  0  0  0  0 -1  0  0  1  1 
 0  0  0  0  0  0 -1 -1  0  1 
 0  0  0  0  0  0  1 -1 -1  0 
413
 0  1 -1  1  0  0  0  0  0  0 
-1  0  1  1  0  0  0  0  0  0 
 1 -1  0  0  1  0  0  0  0  0 
-1 -1  0  0  1  0  0  0  0  0 
 0  0 -1 -1  0  1  0  0  0  0 
 0  0  0  0 -1  0  1  1  0  0 
 0  0  0  0  0 -1  0  0  1 -1 
 0  0  0  0  0 -1  0  0 -1  1 
 0  0  0  0  0  0 -1  1  0  0 
 0  0  0  0  0  0  1 -1  0  0 
69
 0 -1 -1  1  0  0  0  0  0  0 
 1  0  1  1  0  0  0  0  0  0 
 1 -1  0  0  1  0  0  0  0  0 
-1 -1  0  0  0  0  0  0  0  0 
 0  0 -1  0  0  0  1  1  0  0 
 0  0  0  0  0  0 -1  0 -1  0 
 0  0  0  0 -1  1  0  0  0 -1 
 0  0  0  0 -1  0  0  0  1  1 
 0  0  0  0  0  1  0 -1  0  1 
 0  0  0  0  0  0  1 -1 -1  0 
61
 0 -1 -1  0  0  0  0  0  0  0 
 1  0  1  1  0  0  0  0  0  0 
 1 -1  0  0  1  0  0  0  0  0 
 0 -1  0  0  0 -1  0  0  0  0 
 0  0 -1  0  0  0  1  1  0  0 
 0  0  0  1  0  0 -1  0 -1  0 
 0  0  0  0 -1  1  0  0  0 -1 
 0  0  0  0 -1  0  0  0  1  1 
 0  0  0  0  0  1  0 -1  0  1 
 0  0  0  0  0  0  1 -1 -1  0 
65
 0 -1 -1  0  0  0  0  0  0  0 
 1  0  1  1  0  0  0  0  0  0 
 1 -1  0  0  1  0  0  0  0  0 
 0 -1  0  0  0 -1  0  0  0  0 
 0  0 -1  0  0  0  1  1  0  0 
 0  0  0  1  0  0 -1  0 -1  0 
 0  0  0  0 -1  1  0  0  0 -1 
 0  0  0  0 -1  0  0  0  1  1 
 0  0  0  0  0  1  0 -1  0  1 
 0  0  0  0  0  0  1 -1 -1  0 
325
 0  0  1 -1  0  0  0  0  0  0 
 0  0  1  1  0  0  0  0  0  0 
-1 -1  0  0  1  0  0  0  0  0 
 1 -1  0  0  0  1  0  0  0  0 
 0  0 -1  0  0  0  1  1  0  0 
 0  0  0 -1  0  0  1  0 -1  0 
 0  0  0  0 -1 -1  0  0  0  1 
 0  0  0  0 -1  0  0  0  1 -1 
 0  0  0  0  0  1  0 -1  0  1 
 0  0  0  0  0  0 -1  1 -1  0 
221
 0  0 -1 -1  0  0  0  0  0  0 
 0  0  1 -1  0  0  0  0  0  0 
 1 -1  0  0 -1  0  0  0  0  0 
 1  1  0  0  0 -1  0  0  0  0 
 0  0  1  0  0  0 -1  1  0  0 
 0  0  0  1  0  0 -1  0 -1  0 
 0  0  0  0  1  1  0  0  0 -1 
 0  0  0  0 -1  0  0  0  1 -1 
 0  0  0  0  0  1  0 -1  0  1 
 0  0  0  0  0  0  1  1 -1  0 
Número de torneios remanescentes: 287
57 58 62 64 71 72 73 74 78 79 80 81 82 83 84 85 86 87 88 89 90 91 92 93 94 95 96 97 99 101 102 103 104 105 109 110 111 112 113 114 115 116 117 118 119 121 122 123 124 125 126 127 128 129 130 131 132 133 135 136 138 139 141 142 148 150 151 152 153 154 155 156 157 159 160 161 162 163 164 165 166 167 168 169 170 171 180 181 182 183 184 186 187 188 189 190 192 193 194 195 196 197 198 199 201 203 205 207 208 210 211 212 213 214 215 216 217 218 219 220 222 223 224 225 226 227 228 229 230 231 232 233 234 235 236 237 238 239 240 241 242 243 244 245 246 247 251 254 255 260 263 264 265 271 272 274 276 280 281 282 294 296 297 298 299 300 301 302 303 305 306 307 308 309 311 312 313 314 319 321 322 323 324 326 327 328 329 330 332 333 334 335 336 341 342 344 345 347 348 349 350 351 352 353 354 355 356 357 358 359 360 361 362 363 365 366 367 368 369 370 371 372 373 374 376 377 378 379 380 381 382 385 387 388 389 390 391 392 393 394 395 396 397 398 399 401 403 404 405 406 407 409 410 414 416 417 418 419 420 421 422 423 425 426 427 428 429 432 433 434 435 436 438 439 440 441 442 443 444 445 446 447 449 450 451 452 453 
