261
 0 -1 -1  1  0  0  0  0  0  0 
 1  0  1  0 -1  0  0  0  0  0 
 1 -1  0  0  0  0  0  0  0  0 
-1  0  0  0  0  0  1 -1  0  0 
 0  1  0  0  0  0 -1  0  1  0 
 0  0  0  0  0  0  0  1  0 -1 
 0  0  0 -1  1  0  0  0  0  1 
 0  0  0  1  0 -1  0  0  1  0 
 0  0  0  0 -1  0  0 -1  0  1 
 0  0  0  0  0  1 -1  0 -1  0 
256
 0  1 -1  1  0  0  0  0  0  0 
-1  0 -1  0  0  0  0  0  0  0 
 1  1  0  0  0 -1  0  0  0  0 
-1  0  0  0  0  0  1  1  0  0 
 0  0  0  0  0  0 -1  0  1  0 
 0  0  1  0  0  0  0 -1  0 -1 
 0  0  0 -1  1  0  0  0  0  1 
 0  0  0 -1  0  1  0  0  1  0 
 0  0  0  0 -1  0  0 -1  0  1 
 0  0  0  0  0  1 -1  0 -1  0 
148
 0 -1 -1  1  0  0  0  0  0  0 
 1  0  1  0 -1  0  0  0  0  0 
 1 -1  0  0  0 -1  0  0  0  0 
-1  0  0  0  0  0 -1  1  0  0 
 0  1  0  0  0  0  1  0 -1  0 
 0  0  1  0  0  0  0 -1  0 -1 
 0  0  0  1 -1  0  0  0  0  0 
 0  0  0 -1  0  1  0  0  1  0 
 0  0  0  0  1  0  0 -1  0  1 
 0  0  0  0  0  1  0  0 -1  0 
146
 0  1  1 -1  0  0  0  0  0  0 
-1  0  0  0  1  0  0  0  0  0 
-1  0  0  0  0  1  0  0  0  0 
 1  0  0  0  0  0 -1  1  0  0 
 0 -1  0  0  0  0  1  0  1  0 
 0  0 -1  0  0  0  0  1  0  1 
 0  0  0  1 -1  0  0  0  0 -1 
 0  0  0 -1  0 -1  0  0  1  0 
 0  0  0  0 -1  0  0 -1  0  1 
 0  0  0  0  0 -1  1  0 -1  0 
342
 0  1  1 -1  0  0  0  0  0  0 
-1  0  1  0  1  0  0  0  0  0 
-1 -1  0  0  0  1  0  0  0  0 
 1  0  0  0  0  0 -1  1  0  0 
 0 -1  0  0  0  0  1  0  1  0 
 0  0 -1  0  0  0  0 -1  0  1 
 0  0  0  1 -1  0  0  0  0 -1 
 0  0  0 -1  0  1  0  0  0  0 
 0  0  0  0 -1  0  0  0  0  1 
 0  0  0  0  0 -1  1  0 -1  0 
275
 0 -1 -1  1  0  0  0  0  0  0 
 1  0  0  0  1 -1  0  0  0  0 
 1  0  0  0 -1  1  0  0  0  0 
-1  0  0  0  0  0  1  1  0  0 
 0 -1  1  0  0  0  0  0  1  0 
 0  1 -1  0  0  0  0  0  0  0 
 0  0  0 -1  0  0  0  0 -1  1 
 0  0  0 -1  0  0  0  0  1  1 
 0  0  0  0 -1  0  1 -1  0  0 
 0  0  0  0  0  0 -1 -1  0  0 
413
 0 -1  1  0  0  0  0  0  0  0 
 1  0  0  0 -1 -1  0  0  0  0 
-1  0  0  0  1 -1  0  0  0  0 
 0  0  0  0  0  0  1  1  0  0 
 0  1 -1  0  0  0  0  0 -1  0 
 0  1  1  0  0  0  0  0  0 -1 
 0  0  0 -1  0  0  0  0 -1  1 
 0  0  0 -1  0  0  0  0  1  1 
 0  0  0  0  1  0  1 -1  0  0 
 0  0  0  0  0  1 -1 -1  0  0 
74
 0  1  1 -1  0  0  0  0  0  0 
-1  0  0  0 -1  1  0  0  0  0 
-1  0  0  0  1  0  1  0  0  0 
 1  0  0  0  0  1  0 -1  0  0 
 0  1 -1  0  0  0  0  0 -1  0 
 0 -1  0 -1  0  0  0  0  0  1 
 0  0 -1  0  0  0  0  0  1  0 
 0  0  0  1  0  0  0  0  0  1 
 0  0  0  0  1  0 -1  0  0  1 
 0  0  0  0  0 -1  0 -1 -1  0 
117
 0  1  1 -1  0  0  0  0  0  0 
-1  0  0  0 -1  1  0  0  0  0 
-1  0  0  0  1  0  1  0  0  0 
 1  0  0  0  0  1  0 -1  0  0 
 0  1 -1  0  0  0  0  0 -1  0 
 0 -1  0 -1  0  0  0  0  0  1 
 0  0 -1  0  0  0  0  1  1  0 
 0  0  0  1  0  0 -1  0  0  1 
 0  0  0  0  1  0 -1  0  0  0 
 0  0  0  0  0 -1  0 -1  0  0 
129
 0  1  1 -1  0  0  0  0  0  0 
-1  0  0  0 -1  1  0  0  0  0 
-1  0  0  0  1  0  1  0  0  0 
 1  0  0  0  0  1  0 -1  0  0 
 0  1 -1  0  0  0  0  0 -1  0 
 0 -1  0 -1  0  0  0  0  0  1 
 0  0 -1  0  0  0  0  1  1  0 
 0  0  0  1  0  0 -1  0  0  0 
 0  0  0  0  1  0 -1  0  0  1 
 0  0  0  0  0 -1  0  0 -1  0 
444
 0  1  1 -1  0  0  0  0  0  0 
-1  0  0  0 -1  1  0  0  0  0 
-1  0  0  0  1  0  1  0  0  0 
 1  0  0  0  0  1  0 -1  0  0 
 0  1 -1  0  0  0  0  0 -1  0 
 0 -1  0 -1  0  0  0  0  0  1 
 0  0 -1  0  0  0  0  1  1  0 
 0  0  0  1  0  0 -1  0  0  0 
 0  0  0  0  1  0 -1  0  0  1 
 0  0  0  0  0 -1  0  0 -1  0 
73
 0  1 -1  1  0  0  0  0  0  0 
-1  0  0  0  1 -1  0  0  0  0 
 1  0  0  0  1  0 -1  0  0  0 
-1  0  0  0  0  1  0  1  0  0 
 0 -1 -1  0  0  0  0  0  1  0 
 0  1  0 -1  0  0  0  0  0 -1 
 0  0  1  0  0  0  0  0  1  0 
 0  0  0 -1  0  0  0  0  0  1 
 0  0  0  0 -1  0 -1  0  0  1 
 0  0  0  0  0  1  0 -1 -1  0 
96
 0  1 -1  1  0  0  0  0  0  0 
-1  0  0  0  1 -1  0  0  0  0 
 1  0  0  0  1  0 -1  0  0  0 
-1  0  0  0  0  1  0  1  0  0 
 0 -1 -1  0  0  0  0  0  1  0 
 0  1  0 -1  0  0  0  0  0 -1 
 0  0  1  0  0  0  0  0  1  0 
 0  0  0 -1  0  0  0  0  0  1 
 0  0  0  0 -1  0 -1  0  0  1 
 0  0  0  0  0  1  0 -1 -1  0 
255
 0  1 -1  1  0  0  0  0  0  0 
-1  0  0  0  1 -1  0  0  0  0 
 1  0  0  0  1  0 -1  0  0  0 
-1  0  0  0  0  1  0  1  0  0 
 0 -1 -1  0  0  0  0  0  1  0 
 0  1  0 -1  0  0  0  0  0 -1 
 0  0  1  0  0  0  0  0  1  0 
 0  0  0 -1  0  0  0  0  0  1 
 0  0  0  0 -1  0 -1  0  0  1 
 0  0  0  0  0  1  0 -1 -1  0 
418
 0  1  1 -1  0  0  0  0  0  0 
-1  0  0  0  1 -1  0  0  0  0 
-1  0  0  0 -1  0  1  0  0  0 
 1  0  0  0  0 -1  0 -1  0  0 
 0 -1  1  0  0  0  0  0  1  0 
 0  1  0  1  0  0  0  0  0 -1 
 0  0 -1  0  0  0  0  1  0  0 
 0  0  0  1  0  0 -1  0  0  1 
 0  0  0  0 -1  0  0  0  0  1 
 0  0  0  0  0  1  0 -1 -1  0 
194
 0  1 -1  1  0  0  0  0  0  0 
-1  0  0  0  1  1  0  0  0  0 
 1  0  0  0  1  0 -1  0  0  0 
-1  0  0  0  0 -1  0  1  0  0 
 0 -1 -1  0  0  0  0  0  1  0 
 0 -1  0  1  0  0  0  0  0  0 
 0  0  1  0  0  0  0 -1  1  0 
 0  0  0 -1  0  0  1  0  0  1 
 0  0  0  0 -1  0 -1  0  0  1 
 0  0  0  0  0  0  0 -1 -1  0 
302
 0  1 -1  1  0  0  0  0  0  0 
-1  0  0  0  1  1  0  0  0  0 
 1  0  0  0  1  0 -1  0  0  0 
-1  0  0  0  0 -1  0  1  0  0 
 0 -1 -1  0  0  0  0  0  1  0 
 0 -1  0  1  0  0  0  0  0  0 
 0  0  1  0  0  0  0 -1  1  0 
 0  0  0 -1  0  0  1  0  0  1 
 0  0  0  0 -1  0 -1  0  0  1 
 0  0  0  0  0  0  0 -1 -1  0 
297
 0 -1  1 -1  0  0  0  0  0  0 
 1  0  0  0 -1  1  0  0  0  0 
-1  0  0  0  1  0  1  0  0  0 
 1  0  0  0  0 -1  0  1  0  0 
 0  1 -1  0  0  0  0  0 -1  0 
 0 -1  0  1  0  0  0  0  0  0 
 0  0 -1  0  0  0  0 -1  1  0 
 0  0  0 -1  0  0  1  0  0  1 
 0  0  0  0  1  0 -1  0  0  1 
 0  0  0  0  0  0  0 -1 -1  0 
128
 0  1  0  1  0  0  0  0  0  0 
-1  0  0  0  1 -1  0  0  0  0 
 0  0  0  0 -1  0  1  0  0  0 
-1  0  0  0  0  1  0  1  0  0 
 0 -1  1  0  0  0  0  0  1  0 
 0  1  0 -1  0  0  0  0  0 -1 
 0  0 -1  0  0  0  0 -1  1  0 
 0  0  0 -1  0  0  1  0  0  1 
 0  0  0  0 -1  0 -1  0  0  1 
 0  0  0  0  0  1  0 -1 -1  0 
203
 0  1  0  1  0  0  0  0  0  0 
-1  0  0  0  1 -1  0  0  0  0 
 0  0  0  0 -1  0  1  0  0  0 
-1  0  0  0  0  1  0  1  0  0 
 0 -1  1  0  0  0  0  0  1  0 
 0  1  0 -1  0  0  0  0  0 -1 
 0  0 -1  0  0  0  0 -1  1  0 
 0  0  0 -1  0  0  1  0  0  1 
 0  0  0  0 -1  0 -1  0  0  1 
 0  0  0  0  0  1  0 -1 -1  0 
254
 0 -1  1  1  0  0  0  0  0  0 
 1  0  0  0 -1 -1  0  0  0  0 
-1  0  0  0 -1  0  1  0  0  0 
-1  0  0  0  0 -1  0  1  0  0 
 0  1  1  0  0  0  0  0  0  0 
 0  1  0  1  0  0  0  0  0 -1 
 0  0 -1  0  0  0  0 -1  1  0 
 0  0  0 -1  0  0  1  0  0  1 
 0  0  0  0  0  0 -1  0  0  1 
 0  0  0  0  0  1  0 -1 -1  0 
79
 0 -1  1 -1  0  0  0  0  0  0 
 1  0  0  0 -1  1  0  0  0  0 
-1  0  0  0  1  0  1  0  0  0 
 1  0  0  0  0 -1  0  1  0  0 
 0  1 -1  0  0  0  0  0 -1  0 
 0 -1  0  1  0  0  0  0  0 -1 
 0  0 -1  0  0  0  0 -1  1  0 
 0  0  0 -1  0  0  1  0  0  0 
 0  0  0  0  1  0 -1  0  0  1 
 0  0  0  0  0  1  0  0 -1  0 
138
 0 -1  1 -1  0  0  0  0  0  0 
 1  0  0  0 -1  1  0  0  0  0 
-1  0  0  0  1  0  1  0  0  0 
 1  0  0  0  0 -1  0  1  0  0 
 0  1 -1  0  0  0  0  0 -1  0 
 0 -1  0  1  0  0  0  0  0 -1 
 0  0 -1  0  0  0  0 -1  1  0 
 0  0  0 -1  0  0  1  0  0  0 
 0  0  0  0  1  0 -1  0  0  1 
 0  0  0  0  0  1  0  0 -1  0 
197
 0 -1  1 -1  0  0  0  0  0  0 
 1  0  0  0 -1  1  0  0  0  0 
-1  0  0  0  1  0  1  0  0  0 
 1  0  0  0  0 -1  0  1  0  0 
 0  1 -1  0  0  0  0  0 -1  0 
 0 -1  0  1  0  0  0  0  0 -1 
 0  0 -1  0  0  0  0 -1  1  0 
 0  0  0 -1  0  0  1  0  0  0 
 0  0  0  0  1  0 -1  0  0  1 
 0  0  0  0  0  1  0  0 -1  0 
205
 0 -1  1 -1  0  0  0  0  0  0 
 1  0  0  0 -1  1  0  0  0  0 
-1  0  0  0  1  0  1  0  0  0 
 1  0  0  0  0 -1  0  1  0  0 
 0  1 -1  0  0  0  0  0 -1  0 
 0 -1  0  1  0  0  0  0  0 -1 
 0  0 -1  0  0  0  0 -1  1  0 
 0  0  0 -1  0  0  1  0  0  0 
 0  0  0  0  1  0 -1  0  0  1 
 0  0  0  0  0  1  0  0 -1  0 
271
 0 -1  1 -1  0  0  0  0  0  0 
 1  0  0  0 -1  1  0  0  0  0 
-1  0  0  0  1  0  1  0  0  0 
 1  0  0  0  0 -1  0  1  0  0 
 0  1 -1  0  0  0  0  0 -1  0 
 0 -1  0  1  0  0  0  0  0 -1 
 0  0 -1  0  0  0  0 -1  1  0 
 0  0  0 -1  0  0  1  0  0  0 
 0  0  0  0  1  0 -1  0  0  1 
 0  0  0  0  0  1  0  0 -1  0 
274
 0 -1  1 -1  0  0  0  0  0  0 
 1  0  0  0 -1  1  0  0  0  0 
-1  0  0  0  1  0  1  0  0  0 
 1  0  0  0  0 -1  0  1  0  0 
 0  1 -1  0  0  0  0  0 -1  0 
 0 -1  0  1  0  0  0  0  0 -1 
 0  0 -1  0  0  0  0 -1  1  0 
 0  0  0 -1  0  0  1  0  0  0 
 0  0  0  0  1  0 -1  0  0  1 
 0  0  0  0  0  1  0  0 -1  0 
312
 0 -1  1 -1  0  0  0  0  0  0 
 1  0  0  0 -1  1  0  0  0  0 
-1  0  0  0  1  0  1  0  0  0 
 1  0  0  0  0 -1  0  1  0  0 
 0  1 -1  0  0  0  0  0 -1  0 
 0 -1  0  1  0  0  0  0  0 -1 
 0  0 -1  0  0  0  0 -1  1  0 
 0  0  0 -1  0  0  1  0  0  0 
 0  0  0  0  1  0 -1  0  0  1 
 0  0  0  0  0  1  0  0 -1  0 
341
 0 -1  1 -1  0  0  0  0  0  0 
 1  0  0  0 -1  1  0  0  0  0 
-1  0  0  0  1  0  1  0  0  0 
 1  0  0  0  0 -1  0  1  0  0 
 0  1 -1  0  0  0  0  0 -1  0 
 0 -1  0  1  0  0  0  0  0 -1 
 0  0 -1  0  0  0  0 -1  1  0 
 0  0  0 -1  0  0  1  0  0  0 
 0  0  0  0  1  0 -1  0  0  1 
 0  0  0  0  0  1  0  0 -1  0 
Número de torneios remanescentes: 271
57 58 61 62 64 65 69 71 72 78 80 81 82 83 84 85 86 87 88 89 90 91 92 93 94 95 97 99 101 102 103 104 105 109 110 111 112 113 114 115 116 118 119 121 122 123 124 125 126 127 130 131 132 133 135 136 139 141 142 150 151 152 153 154 155 156 157 159 160 161 162 163 164 165 166 167 168 169 170 171 180 181 182 183 184 186 187 188 189 190 192 193 195 196 198 199 201 204 207 208 210 211 212 213 214 215 216 217 218 219 220 221 222 223 224 225 226 227 228 229 230 231 232 233 234 235 236 237 238 239 240 241 242 243 244 245 246 247 251 260 263 264 265 272 276 280 281 282 294 296 298 299 300 301 303 305 306 307 308 309 311 313 314 319 321 322 323 324 325 326 327 328 329 330 332 333 334 335 336 344 345 347 348 349 350 351 352 353 354 355 356 357 358 359 360 361 362 363 365 366 367 368 369 370 371 372 373 374 376 377 378 379 380 381 382 385 386 387 388 389 390 391 392 393 394 395 396 397 398 399 401 403 404 405 406 407 409 410 414 415 416 417 419 420 421 422 423 425 426 427 428 429 432 433 434 435 436 438 439 440 441 442 443 445 446 447 449 450 451 452 453 
