25
 0  1 -1  1  0  0  0  0 
-1  0  0  0  1  0  0  0 
 1  0  0  0  1  0 -1  0 
-1  0  0  0  0  1  0  1 
 0 -1 -1  0  0  0  0  1 
 0  0  0 -1  0  0  1  0 
 0  0  1  0  0 -1  0  1 
 0  0  0 -1 -1  0 -1  0 
41
 0  1 -1  1  0  0  0  0 
-1  0  0  0  1  0  0  0 
 1  0  0  0  1  0 -1  0 
-1  0  0  0  0  1  0  1 
 0 -1 -1  0  0  0  0  1 
 0  0  0 -1  0  0  1  0 
 0  0  1  0  0 -1  0  1 
 0  0  0 -1 -1  0 -1  0 
14
 0 -1 -1  1  0  0  0  0 
 1  0  0  0 -1  1  0  0 
 1  0  0  0  1  0 -1  0 
-1  0  0  0  0  1  0  0 
 0  1 -1  0  0  0  0  1 
 0 -1  0 -1  0  0  1  0 
 0  0  1  0  0 -1  0  1 
 0  0  0  0 -1  0 -1  0 
23
 0 -1 -1  1  0  0  0  0 
 1  0  0  0 -1  1  0  0 
 1  0  0  0  1  0 -1  0 
-1  0  0  0  0  1  0  0 
 0  1 -1  0  0  0  0  1 
 0 -1  0 -1  0  0  1  0 
 0  0  1  0  0 -1  0  1 
 0  0  0  0 -1  0 -1  0 
24
 0 -1 -1  1  0  0  0  0 
 1  0  0  0 -1  1  0  0 
 1  0  0  0  1  0 -1  0 
-1  0  0  0  0  1  0  0 
 0  1 -1  0  0  0  0  1 
 0 -1  0 -1  0  0  1  0 
 0  0  1  0  0 -1  0  1 
 0  0  0  0 -1  0 -1  0 
30
 0 -1 -1  1  0  0  0  0 
 1  0  0  0 -1  1  0  0 
 1  0  0  0  1  0 -1  0 
-1  0  0  0  0  1  0  0 
 0  1 -1  0  0  0  0  1 
 0 -1  0 -1  0  0  1  0 
 0  0  1  0  0 -1  0  1 
 0  0  0  0 -1  0 -1  0 
42
 0 -1 -1  1  0  0  0  0 
 1  0  0  0 -1  1  0  0 
 1  0  0  0  1  0 -1  0 
-1  0  0  0  0  1  0  0 
 0  1 -1  0  0  0  0  1 
 0 -1  0 -1  0  0  1  0 
 0  0  1  0  0 -1  0  1 
 0  0  0  0 -1  0 -1  0 
43
 0 -1 -1  1  0  0  0  0 
 1  0  0  0 -1  1  0  0 
 1  0  0  0  1  0 -1  0 
-1  0  0  0  0  1  0  0 
 0  1 -1  0  0  0  0  1 
 0 -1  0 -1  0  0  1  0 
 0  0  1  0  0 -1  0  1 
 0  0  0  0 -1  0 -1  0 
143
 0 -1 -1  1  0  0  0  0 
 1  0  0  0 -1  1  0  0 
 1  0  0  0  1  0 -1  0 
-1  0  0  0  0  1  0  1 
 0  1 -1  0  0  0  0  0 
 0 -1  0 -1  0  0  1  0 
 0  0  1  0  0 -1  0  1 
 0  0  0 -1  0  0 -1  0 
144
 0 -1 -1  1  0  0  0  0 
 1  0  0  0 -1  1  0  0 
 1  0  0  0  1  0 -1  0 
-1  0  0  0  0  1  0  1 
 0  1 -1  0  0  0  0  0 
 0 -1  0 -1  0  0  1  0 
 0  0  1  0  0 -1  0  1 
 0  0  0 -1  0  0 -1  0 
173
 0 -1 -1  1  0  0  0  0 
 1  0  0  0 -1  1  0  0 
 1  0  0  0  1  0 -1  0 
-1  0  0  0  0  1  0  1 
 0  1 -1  0  0  0  0  0 
 0 -1  0 -1  0  0  1  0 
 0  0  1  0  0 -1  0  1 
 0  0  0 -1  0  0 -1  0 
176
 0 -1 -1  1  0  0  0  0 
 1  0  0  0 -1  1  0  0 
 1  0  0  0  1  0 -1  0 
-1  0  0  0  0  1  0  0 
 0  1 -1  0  0  0  0  1 
 0 -1  0 -1  0  0  1  0 
 0  0  1  0  0 -1  0  1 
 0  0  0  0 -1  0 -1  0 
253
 0 -1 -1  1  0  0  0  0 
 1  0  0  0 -1  1  0  0 
 1  0  0  0  1  0 -1  0 
-1  0  0  0  0  1  0  1 
 0  1 -1  0  0  0  0  0 
 0 -1  0 -1  0  0  1  0 
 0  0  1  0  0 -1  0  1 
 0  0  0 -1  0  0 -1  0 
273
 0 -1 -1  1  0  0  0  0 
 1  0  0  0 -1  1  0  0 
 1  0  0  0  1  0 -1  0 
-1  0  0  0  0  1  0  1 
 0  1 -1  0  0  0  0  0 
 0 -1  0 -1  0  0  1  0 
 0  0  1  0  0 -1  0  1 
 0  0  0 -1  0  0 -1  0 
279
 0 -1 -1  1  0  0  0  0 
 1  0  0  0 -1  1  0  0 
 1  0  0  0  1  0 -1  0 
-1  0  0  0  0  1  0  1 
 0  1 -1  0  0  0  0  0 
 0 -1  0 -1  0  0  1  0 
 0  0  1  0  0 -1  0  1 
 0  0  0 -1  0  0 -1  0 
295
 0 -1 -1  1  0  0  0  0 
 1  0  0  0 -1  1  0  0 
 1  0  0  0  1  0 -1  0 
-1  0  0  0  0  1  0  1 
 0  1 -1  0  0  0  0  0 
 0 -1  0 -1  0  0  1  0 
 0  0  1  0  0 -1  0  1 
 0  0  0 -1  0  0 -1  0 
316
 0 -1 -1  1  0  0  0  0 
 1  0  0  0 -1  1  0  0 
 1  0  0  0  1  0 -1  0 
-1  0  0  0  0  1  0  0 
 0  1 -1  0  0  0  0  1 
 0 -1  0 -1  0  0  1  0 
 0  0  1  0  0 -1  0  1 
 0  0  0  0 -1  0 -1  0 
320
 0 -1 -1  1  0  0  0  0 
 1  0  0  0 -1  1  0  0 
 1  0  0  0  1  0 -1  0 
-1  0  0  0  0  1  0  0 
 0  1 -1  0  0  0  0  1 
 0 -1  0 -1  0  0  1  0 
 0  0  1  0  0 -1  0  1 
 0  0  0  0 -1  0 -1  0 
331
 0 -1 -1  1  0  0  0  0 
 1  0  0  0 -1  1  0  0 
 1  0  0  0  1  0 -1  0 
-1  0  0  0  0  1  0  1 
 0  1 -1  0  0  0  0  0 
 0 -1  0 -1  0  0  1  0 
 0  0  1  0  0 -1  0  1 
 0  0  0 -1  0  0 -1  0 
337
 0 -1 -1  1  0  0  0  0 
 1  0  0  0 -1  1  0  0 
 1  0  0  0  1  0 -1  0 
-1  0  0  0  0  1  0  1 
 0  1 -1  0  0  0  0  0 
 0 -1  0 -1  0  0  1  0 
 0  0  1  0  0 -1  0  1 
 0  0  0 -1  0  0 -1  0 
12
 0  1 -1  1  0  0  0  0 
-1  0  0  0  1 -1  0  0 
 1  0  0  0  1  0 -1  0 
-1  0  0  0  0  1  0  1 
 0 -1 -1  0  0  0  0  0 
 0  1  0 -1  0  0  1  0 
 0  0  1  0  0 -1  0  1 
 0  0  0 -1  0  0 -1  0 
21
 0  1 -1  1  0  0  0  0 
-1  0  0  0  1 -1  0  0 
 1  0  0  0  1  0 -1  0 
-1  0  0  0  0  1  0  0 
 0 -1 -1  0  0  0  0  1 
 0  1  0 -1  0  0  1  0 
 0  0  1  0  0 -1  0  1 
 0  0  0  0 -1  0 -1  0 
63
 0  1 -1  1  0  0  0  0 
-1  0  0  0  1 -1  0  0 
 1  0  0  0  1  0 -1  0 
-1  0  0  0  0  1  0  1 
 0 -1 -1  0  0  0  0  1 
 0  1  0 -1  0  0  0  0 
 0  0  1  0  0  0  0  1 
 0  0  0 -1 -1  0 -1  0 
66
 0  1 -1  1  0  0  0  0 
-1  0  0  0  1 -1  0  0 
 1  0  0  0  1  0 -1  0 
-1  0  0  0  0  1  0  1 
 0 -1 -1  0  0  0  0  1 
 0  1  0 -1  0  0  0  0 
 0  0  1  0  0  0  0  1 
 0  0  0 -1 -1  0 -1  0 
77
 0  1 -1  1  0  0  0  0 
-1  0  0  0  1 -1  0  0 
 1  0  0  0  1  0 -1  0 
-1  0  0  0  0  1  0  1 
 0 -1 -1  0  0  0  0  0 
 0  1  0 -1  0  0  1  0 
 0  0  1  0  0 -1  0  1 
 0  0  0 -1  0  0 -1  0 
98
 0  1 -1  1  0  0  0  0 
-1  0  0  0  1 -1  0  0 
 1  0  0  0  1  0 -1  0 
-1  0  0  0  0  1  0  1 
 0 -1 -1  0  0  0  0  0 
 0  1  0 -1  0  0  1  0 
 0  0  1  0  0 -1  0  1 
 0  0  0 -1  0  0 -1  0 
250
 0  1 -1  1  0  0  0  0 
-1  0  0  0  1 -1  0  0 
 1  0  0  0  1  0 -1  0 
-1  0  0  0  0  1  0  1 
 0 -1 -1  0  0  0  0  0 
 0  1  0 -1  0  0  1  0 
 0  0  1  0  0 -1  0  1 
 0  0  0 -1  0  0 -1  0 
147
 0  1 -1  1  0  0  0  0 
-1  0  0  0  1 -1  0  0 
 1  0  0  0  1  0  0  0 
-1  0  0  0  0  1  0 -1 
 0 -1 -1  0  0  0  0  1 
 0  1  0 -1  0  0  1  0 
 0  0  0  0  0 -1  0  1 
 0  0  0  1 -1  0 -1  0 
13
 0  1  1 -1  0  0  0  0 
-1  0  0  0  1  1  0  0 
-1  0  0  0 -1  0  1  0 
 1  0  0  0  0  0  0 -1 
 0 -1  1  0  0  0  0  1 
 0 -1  0  0  0  0  1  0 
 0  0 -1  0  0 -1  0  1 
 0  0  0  1 -1  0 -1  0 
19
 0  1  1 -1  0  0  0  0 
-1  0  0  0  1  1  0  0 
-1  0  0  0 -1  0  1  0 
 1  0  0  0  0  0  0 -1 
 0 -1  1  0  0  0  0  1 
 0 -1  0  0  0  0  1  0 
 0  0 -1  0  0 -1  0  1 
 0  0  0  1 -1  0 -1  0 
38
 0  1  1 -1  0  0  0  0 
-1  0  0  0  1  1  0  0 
-1  0  0  0 -1  0  1  0 
 1  0  0  0  0  0  0 -1 
 0 -1  1  0  0  0  0  1 
 0 -1  0  0  0  0  1  0 
 0  0 -1  0  0 -1  0  1 
 0  0  0  1 -1  0 -1  0 
39
 0  1  1 -1  0  0  0  0 
-1  0  0  0  1  1  0  0 
-1  0  0  0 -1  0  1  0 
 1  0  0  0  0  0  0 -1 
 0 -1  1  0  0  0  0  1 
 0 -1  0  0  0  0  1  0 
 0  0 -1  0  0 -1  0  1 
 0  0  0  1 -1  0 -1  0 
45
 0  1  1 -1  0  0  0  0 
-1  0  0  0  1  1  0  0 
-1  0  0  0 -1  0  1  0 
 1  0  0  0  0  0  0 -1 
 0 -1  1  0  0  0  0  1 
 0 -1  0  0  0  0  1  0 
 0  0 -1  0  0 -1  0  1 
 0  0  0  1 -1  0 -1  0 
46
 0  1  1 -1  0  0  0  0 
-1  0  0  0  1  1  0  0 
-1  0  0  0 -1  0  1  0 
 1  0  0  0  0  0  0 -1 
 0 -1  1  0  0  0  0  1 
 0 -1  0  0  0  0  1  0 
 0  0 -1  0  0 -1  0  1 
 0  0  0  1 -1  0 -1  0 
47
 0  1  1 -1  0  0  0  0 
-1  0  0  0  1  1  0  0 
-1  0  0  0 -1  0  1  0 
 1  0  0  0  0  0  0 -1 
 0 -1  1  0  0  0  0  1 
 0 -1  0  0  0  0  1  0 
 0  0 -1  0  0 -1  0  1 
 0  0  0  1 -1  0 -1  0 
48
 0  1  1 -1  0  0  0  0 
-1  0  0  0  1  1  0  0 
-1  0  0  0 -1  0  1  0 
 1  0  0  0  0  0  0 -1 
 0 -1  1  0  0  0  0  1 
 0 -1  0  0  0  0  1  0 
 0  0 -1  0  0 -1  0  1 
 0  0  0  1 -1  0 -1  0 
50
 0  1  1 -1  0  0  0  0 
-1  0  0  0  1  1  0  0 
-1  0  0  0 -1  0  1  0 
 1  0  0  0  0  0  0 -1 
 0 -1  1  0  0  0  0  1 
 0 -1  0  0  0  0  1  0 
 0  0 -1  0  0 -1  0  1 
 0  0  0  1 -1  0 -1  0 
51
 0  1  1 -1  0  0  0  0 
-1  0  0  0  1  1  0  0 
-1  0  0  0 -1  0  1  0 
 1  0  0  0  0  0  0 -1 
 0 -1  1  0  0  0  0  1 
 0 -1  0  0  0  0  1  0 
 0  0 -1  0  0 -1  0  1 
 0  0  0  1 -1  0 -1  0 
53
 0  1  1 -1  0  0  0  0 
-1  0  0  0  1  1  0  0 
-1  0  0  0 -1  0  1  0 
 1  0  0  0  0  0  0 -1 
 0 -1  1  0  0  0  0  1 
 0 -1  0  0  0  0  1  0 
 0  0 -1  0  0 -1  0  1 
 0  0  0  1 -1  0 -1  0 
55
 0  1  1 -1  0  0  0  0 
-1  0  0  0  1  1  0  0 
-1  0  0  0 -1  0  1  0 
 1  0  0  0  0  0  0 -1 
 0 -1  1  0  0  0  0  1 
 0 -1  0  0  0  0  1  0 
 0  0 -1  0  0 -1  0  1 
 0  0  0  1 -1  0 -1  0 
76
 0  1  1 -1  0  0  0  0 
-1  0  0  0  1  1  0  0 
-1  0  0  0 -1  0  1  0 
 1  0  0  0  0  0  0 -1 
 0 -1  1  0  0  0  0  1 
 0 -1  0  0  0  0  1  0 
 0  0 -1  0  0 -1  0  1 
 0  0  0  1 -1  0 -1  0 
134
 0  1  1 -1  0  0  0  0 
-1  0  0  0  1  1  0  0 
-1  0  0  0 -1  0  1  0 
 1  0  0  0  0  0  0 -1 
 0 -1  1  0  0  0  0  1 
 0 -1  0  0  0  0  1  0 
 0  0 -1  0  0 -1  0  1 
 0  0  0  1 -1  0 -1  0 
140
 0  1  1 -1  0  0  0  0 
-1  0  0  0  1  1  0  0 
-1  0  0  0 -1  0  1  0 
 1  0  0  0  0  0  0 -1 
 0 -1  1  0  0  0  0  1 
 0 -1  0  0  0  0  1  0 
 0  0 -1  0  0 -1  0  1 
 0  0  0  1 -1  0 -1  0 
179
 0  1  1 -1  0  0  0  0 
-1  0  0  0  1  1  0  0 
-1  0  0  0 -1  0  1  0 
 1  0  0  0  0  0  0 -1 
 0 -1  1  0  0  0  0  1 
 0 -1  0  0  0  0  1  0 
 0  0 -1  0  0 -1  0  1 
 0  0  0  1 -1  0 -1  0 
185
 0  1  1 -1  0  0  0  0 
-1  0  0  0  1  1  0  0 
-1  0  0  0 -1  0  1  0 
 1  0  0  0  0  0  0 -1 
 0 -1  1  0  0  0  0  1 
 0 -1  0  0  0  0  1  0 
 0  0 -1  0  0 -1  0  1 
 0  0  0  1 -1  0 -1  0 
200
 0  1  1 -1  0  0  0  0 
-1  0  0  0  1  1  0  0 
-1  0  0  0 -1  0  1  0 
 1  0  0  0  0  0  0 -1 
 0 -1  1  0  0  0  0  1 
 0 -1  0  0  0  0  1  0 
 0  0 -1  0  0 -1  0  1 
 0  0  0  1 -1  0 -1  0 
209
 0  1  0 -1  0  0  0  0 
-1  0  0  0  1  1  0  0 
 0  0  0  0 -1  0  1  0 
 1  0  0  0  0  1  0 -1 
 0 -1  1  0  0  0  0  1 
 0 -1  0 -1  0  0  1  0 
 0  0 -1  0  0 -1  0  1 
 0  0  0  1 -1  0 -1  0 
277
 0  1  1 -1  0  0  0  0 
-1  0  0  0  1  1  0  0 
-1  0  0  0 -1  0  1  0 
 1  0  0  0  0  0  0 -1 
 0 -1  1  0  0  0  0  1 
 0 -1  0  0  0  0  1  0 
 0  0 -1  0  0 -1  0  1 
 0  0  0  1 -1  0 -1  0 
310
 0  1  1 -1  0  0  0  0 
-1  0  0  0  1  1  0  0 
-1  0  0  0 -1  0  1  0 
 1  0  0  0  0  0  0 -1 
 0 -1  1  0  0  0  0  1 
 0 -1  0  0  0  0  1  0 
 0  0 -1  0  0 -1  0  1 
 0  0  0  1 -1  0 -1  0 
318
 0  1  0 -1  0  0  0  0 
-1  0  0  0  1  1  0  0 
 0  0  0  0 -1  0  1  0 
 1  0  0  0  0  1  0 -1 
 0 -1  1  0  0  0  0  1 
 0 -1  0 -1  0  0  1  0 
 0  0 -1  0  0 -1  0  1 
 0  0  0  1 -1  0 -1  0 
338
 0  1  1 -1  0  0  0  0 
-1  0  0  0  1  1  0  0 
-1  0  0  0 -1  0  1  0 
 1  0  0  0  0  0  0 -1 
 0 -1  1  0  0  0  0  1 
 0 -1  0  0  0  0  1  0 
 0  0 -1  0  0 -1  0  1 
 0  0  0  1 -1  0 -1  0 
343
 0  1  1 -1  0  0  0  0 
-1  0  0  0  1  1  0  0 
-1  0  0  0 -1  0  1  0 
 1  0  0  0  0  0  0 -1 
 0 -1  1  0  0  0  0  1 
 0 -1  0  0  0  0  1  0 
 0  0 -1  0  0 -1  0  1 
 0  0  0  1 -1  0 -1  0 
346
 0  1  1 -1  0  0  0  0 
-1  0  0  0  1  1  0  0 
-1  0  0  0 -1  0  1  0 
 1  0  0  0  0  0  0 -1 
 0 -1  1  0  0  0  0  1 
 0 -1  0  0  0  0  1  0 
 0  0 -1  0  0 -1  0  1 
 0  0  0  1 -1  0 -1  0 
375
 0  1  1 -1  0  0  0  0 
-1  0  0  0  1  1  0  0 
-1  0  0  0 -1  0  1  0 
 1  0  0  0  0  0  0 -1 
 0 -1  1  0  0  0  0  1 
 0 -1  0  0  0  0  1  0 
 0  0 -1  0  0 -1  0  1 
 0  0  0  1 -1  0 -1  0 
384
 0  1  1 -1  0  0  0  0 
-1  0  0  0  1  1  0  0 
-1  0  0  0 -1  0  1  0 
 1  0  0  0  0  0  0 -1 
 0 -1  1  0  0  0  0  1 
 0 -1  0  0  0  0  1  0 
 0  0 -1  0  0 -1  0  1 
 0  0  0  1 -1  0 -1  0 
400
 0  1  1 -1  0  0  0  0 
-1  0  0  0  1  1  0  0 
-1  0  0  0 -1  0  1  0 
 1  0  0  0  0  0  0 -1 
 0 -1  1  0  0  0  0  1 
 0 -1  0  0  0  0  1  0 
 0  0 -1  0  0 -1  0  1 
 0  0  0  1 -1  0 -1  0 
408
 0  1  1 -1  0  0  0  0 
-1  0  0  0  1  1  0  0 
-1  0  0  0 -1  0  1  0 
 1  0  0  0  0  0  0 -1 
 0 -1  1  0  0  0  0  1 
 0 -1  0  0  0  0  1  0 
 0  0 -1  0  0 -1  0  1 
 0  0  0  1 -1  0 -1  0 
430
 0  1  1 -1  0  0  0  0 
-1  0  0  0  1  1  0  0 
-1  0  0  0 -1  0  1  0 
 1  0  0  0  0  0  0 -1 
 0 -1  1  0  0  0  0  1 
 0 -1  0  0  0  0  1  0 
 0  0 -1  0  0 -1  0  1 
 0  0  0  1 -1  0 -1  0 
431
 0 -1  1 -1  0  0  0  0 
 1  0  0  0  0  1  0  0 
-1  0  0  0 -1  0  1  0 
 1  0  0  0  0 -1  0 -1 
 0  0  1  0  0  0  0  1 
 0 -1  0  1  0  0  1  0 
 0  0 -1  0  0 -1  0  1 
 0  0  0  1 -1  0 -1  0 
120
 0  1  1 -1  0  0  0  0 
-1  0  0  0  1 -1  0  0 
-1  0  0  0 -1  0  1  0 
 1  0  0  0  0 -1  0 -1 
 0 -1  1  0  0  0  0  1 
 0  1  0  1  0  0  0  0 
 0  0 -1  0  0  0  0  1 
 0  0  0  1 -1  0 -1  0 
145
 0  1  1 -1  0  0  0  0 
-1  0  0  0  1 -1  0  0 
-1  0  0  0 -1  0  1  0 
 1  0  0  0  0 -1  0 -1 
 0 -1  1  0  0  0  0  1 
 0  1  0  1  0  0  0  0 
 0  0 -1  0  0  0  0  1 
 0  0  0  1 -1  0 -1  0 
317
 0  1  1 -1  0  0  0  0 
-1  0  0  0  1 -1  0  0 
-1  0  0  0 -1  0  1  0 
 1  0  0  0  0 -1  0 -1 
 0 -1  1  0  0  0  0  1 
 0  1  0  1  0  0  0  0 
 0  0 -1  0  0  0  0  1 
 0  0  0  1 -1  0 -1  0 
175
 0 -1 -1  1  0  0  0  0 
 1  0  0  0 -1  1  0  0 
 1  0  0  0  0  0 -1  0 
-1  0  0  0  0  1  0  1 
 0  1  0  0  0  0  0 -1 
 0 -1  0 -1  0  0  1  0 
 0  0  1  0  0 -1  0  1 
 0  0  0 -1  1  0 -1  0 
178
 0 -1 -1  1  0  0  0  0 
 1  0  0  0 -1  1  0  0 
 1  0  0  0  0  0 -1  0 
-1  0  0  0  0  1  0  1 
 0  1  0  0  0  0  0 -1 
 0 -1  0 -1  0  0  1  0 
 0  0  1  0  0 -1  0  1 
 0  0  0 -1  1  0 -1  0 
206
 0 -1 -1  1  0  0  0  0 
 1  0  0  0 -1  1  0  0 
 1  0  0  0  0  0 -1  0 
-1  0  0  0  0  1  0  1 
 0  1  0  0  0  0  0 -1 
 0 -1  0 -1  0  0  1  0 
 0  0  1  0  0 -1  0  1 
 0  0  0 -1  1  0 -1  0 
270
 0 -1 -1  1  0  0  0  0 
 1  0  0  0 -1  1  0  0 
 1  0  0  0  0  0 -1  0 
-1  0  0  0  0  1  0  1 
 0  1  0  0  0  0  0 -1 
 0 -1  0 -1  0  0  1  0 
 0  0  1  0  0 -1  0  1 
 0  0  0 -1  1  0 -1  0 
278
 0 -1 -1  1  0  0  0  0 
 1  0  0  0 -1  1  0  0 
 1  0  0  0  0  0 -1  0 
-1  0  0  0  0  1  0  1 
 0  1  0  0  0  0  0 -1 
 0 -1  0 -1  0  0  1  0 
 0  0  1  0  0 -1  0  1 
 0  0  0 -1  1  0 -1  0 
340
 0 -1 -1  1  0  0  0  0 
 1  0  0  0 -1  1  0  0 
 1  0  0  0  0  0 -1  0 
-1  0  0  0  0  1  0  1 
 0  1  0  0  0  0  0 -1 
 0 -1  0 -1  0  0  1  0 
 0  0  1  0  0 -1  0  1 
 0  0  0 -1  1  0 -1  0 
Número de torneios remanescentes: 304
56 57 58 59 61 62 64 65 69 71 72 73 74 78 79 80 81 82 83 84 85 86 87 88 89 90 91 92 93 94 95 96 97 99 101 102 103 104 105 109 110 111 112 113 114 115 116 117 118 119 121 122 123 124 125 126 127 128 129 130 131 132 133 135 136 138 139 141 142 146 148 150 151 152 153 154 155 156 157 159 160 161 162 163 164 165 166 167 168 169 170 171 177 180 181 182 183 184 186 187 188 189 190 191 192 193 194 195 196 197 198 199 201 203 204 205 207 208 210 211 212 213 214 215 216 217 218 219 220 221 222 223 224 225 226 227 228 229 230 231 232 233 234 235 236 237 238 239 240 241 242 243 244 245 246 247 251 254 255 256 260 261 263 264 265 271 272 274 275 276 280 281 282 294 296 297 298 299 300 301 302 303 305 306 307 308 309 311 312 313 314 319 321 322 323 324 325 326 327 328 329 330 332 333 334 335 336 341 342 344 345 347 348 349 350 351 352 353 354 355 356 357 358 359 360 361 362 363 365 366 367 368 369 370 371 372 373 374 376 377 378 379 380 381 382 385 386 387 388 389 390 391 392 393 394 395 396 397 398 399 401 403 404 405 406 407 409 410 413 414 415 416 417 418 419 420 421 422 423 425 426 427 428 429 432 433 434 435 436 438 439 440 441 442 443 444 445 446 447 449 450 451 452 453 
