88
 0  0  1 -1  0  0  0  0  0  0  0  0 
 0  0 -1  1  0  0  0  0  0  0  0  0 
-1  1  0  0  1  0  0  0  0  0  0  0 
 1 -1  0  0  0  1  0  0  0  0  0  0 
 0  0 -1  0  0  0 -1  1  0  0  0  0 
 0  0  0 -1  0  0  0  0 -1  1  0  0 
 0  0  0  0  1  0  0  0 -1  0 -1  0 
 0  0  0  0 -1  0  0  0  0  1  0  1 
 0  0  0  0  0  1  1  0  0  0  0 -1 
 0  0  0  0  0 -1  0 -1  0  0  1  0 
 0  0  0  0  0  0  1  0  0 -1  0  1 
 0  0  0  0  0  0  0 -1  1  0 -1  0 
195
 0  0  1 -1  0  0  0  0  0  0  0  0 
 0  0 -1  1  0  0  0  0  0  0  0  0 
-1  1  0  0  1  0  0  0  0  0  0  0 
 1 -1  0  0  0  1  0  0  0  0  0  0 
 0  0 -1  0  0  0 -1  1  0  0  0  0 
 0  0  0 -1  0  0  0  0 -1  1  0  0 
 0  0  0  0  1  0  0  0 -1  0 -1  0 
 0  0  0  0 -1  0  0  0  0  1  0  1 
 0  0  0  0  0  1  1  0  0  0  0 -1 
 0  0  0  0  0 -1  0 -1  0  0  1  0 
 0  0  0  0  0  0  1  0  0 -1  0  1 
 0  0  0  0  0  0  0 -1  1  0 -1  0 
299
 0  0  1 -1  0  0  0  0  0  0  0  0 
 0  0 -1  1  0  0  0  0  0  0  0  0 
-1  1  0  0  1  0  0  0  0  0  0  0 
 1 -1  0  0  0  1  0  0  0  0  0  0 
 0  0 -1  0  0  0 -1  1  0  0  0  0 
 0  0  0 -1  0  0  0  0 -1  1  0  0 
 0  0  0  0  1  0  0  0 -1  0 -1  0 
 0  0  0  0 -1  0  0  0  0  1  0  1 
 0  0  0  0  0  1  1  0  0  0  0 -1 
 0  0  0  0  0 -1  0 -1  0  0  1  0 
 0  0  0  0  0  0  1  0  0 -1  0  1 
 0  0  0  0  0  0  0 -1  1  0 -1  0 
300
 0  0  1 -1  0  0  0  0  0  0  0  0 
 0  0 -1  1  0  0  0  0  0  0  0  0 
-1  1  0  0  1  0  0  0  0  0  0  0 
 1 -1  0  0  0  1  0  0  0  0  0  0 
 0  0 -1  0  0  0 -1  1  0  0  0  0 
 0  0  0 -1  0  0  0  0 -1  1  0  0 
 0  0  0  0  1  0  0  0 -1  0 -1  0 
 0  0  0  0 -1  0  0  0  0  1  0  1 
 0  0  0  0  0  1  1  0  0  0  0 -1 
 0  0  0  0  0 -1  0 -1  0  0  1  0 
 0  0  0  0  0  0  1  0  0 -1  0  1 
 0  0  0  0  0  0  0 -1  1  0 -1  0 
349
 0  0  1 -1  0  0  0  0  0  0  0  0 
 0  0 -1  1  0  0  0  0  0  0  0  0 
-1  1  0  0  1  0  0  0  0  0  0  0 
 1 -1  0  0  0  1  0  0  0  0  0  0 
 0  0 -1  0  0  0 -1  1  0  0  0  0 
 0  0  0 -1  0  0  0  0 -1  1  0  0 
 0  0  0  0  1  0  0  0 -1  0 -1  0 
 0  0  0  0 -1  0  0  0  0  1  0  1 
 0  0  0  0  0  1  1  0  0  0  0 -1 
 0  0  0  0  0 -1  0 -1  0  0  1  0 
 0  0  0  0  0  0  1  0  0 -1  0  1 
 0  0  0  0  0  0  0 -1  1  0 -1  0 
80
 0 -1 -1  1  0  0  0  0  0  0  0  0 
 1  0  1  0  0  0  0  0  0  0  0  0 
 1 -1  0  0 -1  0  0  0  0  0  0  0 
-1  0  0  0  0 -1  0  0  0  0  0  0 
 0  0  1  0  0  0 -1  1  0  0  0  0 
 0  0  0  1  0  0  0  0 -1  1  0  0 
 0  0  0  0  1  0  0  0 -1  0 -1  0 
 0  0  0  0 -1  0  0  0  0  1  0  1 
 0  0  0  0  0  1  1  0  0  0  0 -1 
 0  0  0  0  0 -1  0 -1  0  0  1  0 
 0  0  0  0  0  0  1  0  0 -1  0  1 
 0  0  0  0  0  0  0 -1  1  0 -1  0 
82
 0 -1 -1  1  0  0  0  0  0  0  0  0 
 1  0  1  0  0  0  0  0  0  0  0  0 
 1 -1  0  0 -1  0  0  0  0  0  0  0 
-1  0  0  0  0 -1  0  0  0  0  0  0 
 0  0  1  0  0  0 -1  1  0  0  0  0 
 0  0  0  1  0  0  0  0 -1  1  0  0 
 0  0  0  0  1  0  0  0 -1  0 -1  0 
 0  0  0  0 -1  0  0  0  0  1  0  1 
 0  0  0  0  0  1  1  0  0  0  0 -1 
 0  0  0  0  0 -1  0 -1  0  0  1  0 
 0  0  0  0  0  0  1  0  0 -1  0  1 
 0  0  0  0  0  0  0 -1  1  0 -1  0 
84
 0 -1 -1  1  0  0  0  0  0  0  0  0 
 1  0  1  0  0  0  0  0  0  0  0  0 
 1 -1  0  0 -1  0  0  0  0  0  0  0 
-1  0  0  0  0 -1  0  0  0  0  0  0 
 0  0  1  0  0  0 -1  1  0  0  0  0 
 0  0  0  1  0  0  0  0 -1  1  0  0 
 0  0  0  0  1  0  0  0 -1  0 -1  0 
 0  0  0  0 -1  0  0  0  0  1  0  1 
 0  0  0  0  0  1  1  0  0  0  0 -1 
 0  0  0  0  0 -1  0 -1  0  0  1  0 
 0  0  0  0  0  0  1  0  0 -1  0  1 
 0  0  0  0  0  0  0 -1  1  0 -1  0 
260
 0  1  1 -1  0  0  0  0  0  0  0  0 
-1  0  1  0  0  0  0  0  0  0  0  0 
-1 -1  0  0  1  0  0  0  0  0  0  0 
 1  0  0  0  0  1  0  0  0  0  0  0 
 0  0 -1  0  0  0  1  1  0  0  0  0 
 0  0  0 -1  0  0  0  0 -1  1  0  0 
 0  0  0  0 -1  0  0  0  1  0 -1  0 
 0  0  0  0 -1  0  0  0  0  0  1 -1 
 0  0  0  0  0  1 -1  0  0  0  0  1 
 0  0  0  0  0 -1  0  0  0  0  1  1 
 0  0  0  0  0  0  1 -1  0 -1  0  0 
 0  0  0  0  0  0  0  1 -1 -1  0  0 
311
 0  1  0 -1  0  0  0  0  0  0  0  0 
-1  0  1 -1  0  0  0  0  0  0  0  0 
 0 -1  0  0 -1  0  0  0  0  0  0  0 
 1  1  0  0  0 -1  0  0  0  0  0  0 
 0  0  1  0  0  0  1 -1  0  0  0  0 
 0  0  0  1  0  0  0  0 -1 -1  0  0 
 0  0  0  0 -1  0  0  0  1  0 -1  0 
 0  0  0  0  1  0  0  0  0  0 -1 -1 
 0  0  0  0  0  1 -1  0  0  0  0  1 
 0  0  0  0  0  1  0  0  0  0  1 -1 
 0  0  0  0  0  0  1  1  0 -1  0  0 
 0  0  0  0  0  0  0  1 -1  1  0  0 
303
 0  0 -1  1  0  0  0  0  0  0  0  0 
 0  0  1  0  1  0  0  0  0  0  0  0 
 1 -1  0  0  0  1  0  0  0  0  0  0 
-1  0  0  0  1  1  0  0  0  0  0  0 
 0 -1  0 -1  0  0  1  0  0  0  0  0 
 0  0 -1 -1  0  0  0  1  0  0  0  0 
 0  0  0  0 -1  0  0  0  1  1  0  0 
 0  0  0  0  0 -1  0  0  0  0  1  1 
 0  0  0  0  0  0 -1  0  0  0  1 -1 
 0  0  0  0  0  0 -1  0  0  0 -1  1 
 0  0  0  0  0  0  0 -1 -1  1  0  0 
 0  0  0  0  0  0  0 -1  1 -1  0  0 
433
 0 -1 -1  1  0  0  0  0  0  0  0  0 
 1  0  0  0  1  0  0  0  0  0  0  0 
 1  0  0  0  0  1  0  0  0  0  0  0 
-1  0  0  0  1  1  0  0  0  0  0  0 
 0 -1  0 -1  0  0  1  0  0  0  0  0 
 0  0 -1 -1  0  0  0  1  0  0  0  0 
 0  0  0  0 -1  0  0  0  1  1  0  0 
 0  0  0  0  0 -1  0  0  0  0  1  1 
 0  0  0  0  0  0 -1  0  0  0  1 -1 
 0  0  0  0  0  0 -1  0  0  0 -1  1 
 0  0  0  0  0  0  0 -1 -1  1  0  0 
 0  0  0  0  0  0  0 -1  1 -1  0  0 
314
 0  0  1 -1  0  0  0  0  0  0  0  0 
 0  0  1  0  1  0  0  0  0  0  0  0 
-1 -1  0  0  0  1  0  0  0  0  0  0 
 1  0  0  0  1  1  0  0  0  0  0  0 
 0 -1  0 -1  0  0  1  0  0  0  0  0 
 0  0 -1 -1  0  0  0  1  0  0  0  0 
 0  0  0  0 -1  0  0  0  1  1  0  0 
 0  0  0  0  0 -1  0  0  0  0  1  1 
 0  0  0  0  0  0 -1  0  0  0  1 -1 
 0  0  0  0  0  0 -1  0  0  0 -1  1 
 0  0  0  0  0  0  0 -1 -1  1  0  0 
 0  0  0  0  0  0  0 -1  1 -1  0  0 
336
 0  0  1 -1  0  0  0  0  0  0  0  0 
 0  0  1  0  1  0  0  0  0  0  0  0 
-1 -1  0  0  0  1  0  0  0  0  0  0 
 1  0  0  0  1  1  0  0  0  0  0  0 
 0 -1  0 -1  0  0  1  0  0  0  0  0 
 0  0 -1 -1  0  0  0  1  0  0  0  0 
 0  0  0  0 -1  0  0  0  1  1  0  0 
 0  0  0  0  0 -1  0  0  0  0  1  1 
 0  0  0  0  0  0 -1  0  0  0  1 -1 
 0  0  0  0  0  0 -1  0  0  0 -1  1 
 0  0  0  0  0  0  0 -1 -1  1  0  0 
 0  0  0  0  0  0  0 -1  1 -1  0  0 
397
 0  1  1 -1  0  0  0  0  0  0  0  0 
-1  0  0  0  1  0  0  0  0  0  0  0 
-1  0  0  0  0  1  0  0  0  0  0  0 
 1  0  0  0  1  1  0  0  0  0  0  0 
 0 -1  0 -1  0  0  1  0  0  0  0  0 
 0  0 -1 -1  0  0  0  1  0  0  0  0 
 0  0  0  0 -1  0  0  0  1  1  0  0 
 0  0  0  0  0 -1  0  0  0  0  1  1 
 0  0  0  0  0  0 -1  0  0  0  1 -1 
 0  0  0  0  0  0 -1  0  0  0 -1  1 
 0  0  0  0  0  0  0 -1 -1  1  0  0 
 0  0  0  0  0  0  0 -1  1 -1  0  0 
91
 0  0 -1 -1  0  0  0  0  0  0  0  0 
 0  0  1  0  1  0  0  0  0  0  0  0 
 1 -1  0  0  0  1  0  0  0  0  0  0 
 1  0  0  0 -1 -1  0  0  0  0  0  0 
 0 -1  0  1  0  0  1  0  0  0  0  0 
 0  0 -1  1  0  0  0  1  0  0  0  0 
 0  0  0  0 -1  0  0  0  1  1  0  0 
 0  0  0  0  0 -1  0  0  0  0  1  1 
 0  0  0  0  0  0 -1  0  0  0  1 -1 
 0  0  0  0  0  0 -1  0  0  0 -1  1 
 0  0  0  0  0  0  0 -1 -1  1  0  0 
 0  0  0  0  0  0  0 -1  1 -1  0  0 
135
 0 -1  0  1  0  0  0  0  0  0  0  0 
 1  0 -1  0 -1  0  0  0  0  0  0  0 
 0  1  0  0  0  1  0  0  0  0  0  0 
-1  0  0  0 -1  1  0  0  0  0  0  0 
 0  1  0  1  0  0 -1  0  0  0  0  0 
 0  0 -1 -1  0  0  0  1  0  0  0  0 
 0  0  0  0  1  0  0  0 -1 -1  0  0 
 0  0  0  0  0 -1  0  0  0  0  1  1 
 0  0  0  0  0  0  1  0  0  0  1 -1 
 0  0  0  0  0  0  1  0  0  0 -1  1 
 0  0  0  0  0  0  0 -1 -1  1  0  0 
 0  0  0  0  0  0  0 -1  1 -1  0  0 
439
 0 -1  0  1  0  0  0  0  0  0  0  0 
 1  0  1  0 -1  0  0  0  0  0  0  0 
 0 -1  0  0  0 -1  0  0  0  0  0  0 
-1  0  0  0 -1 -1  0  0  0  0  0  0 
 0  1  0  1  0  0 -1  0  0  0  0  0 
 0  0  1  1  0  0  0 -1  0  0  0  0 
 0  0  0  0  1  0  0  0 -1 -1  0  0 
 0  0  0  0  0  1  0  0  0  0 -1 -1 
 0  0  0  0  0  0  1  0  0  0  1 -1 
 0  0  0  0  0  0  1  0  0  0 -1  1 
 0  0  0  0  0  0  0  1 -1  1  0  0 
 0  0  0  0  0  0  0  1  1 -1  0  0 
352
 0 -1 -1  1  0  0  0  0  0  0  0  0 
 1  0  0  0 -1  0  0  0  0  0  0  0 
 1  0  0  0  0 -1  0  0  0  0  0  0 
-1  0  0  0 -1 -1  0  0  0  0  0  0 
 0  1  0  1  0  0 -1  0  0  0  0  0 
 0  0  1  1  0  0  0 -1  0  0  0  0 
 0  0  0  0  1  0  0  0 -1 -1  0  0 
 0  0  0  0  0  1  0  0  0  0 -1 -1 
 0  0  0  0  0  0  1  0  0  0  1 -1 
 0  0  0  0  0  0  1  0  0  0 -1  1 
 0  0  0  0  0  0  0  1 -1  1  0  0 
 0  0  0  0  0  0  0  1  1 -1  0  0 
