260
 0  1 -1  1  0  0  0  0  0  0  0  0 
-1  0  1  1  0  0  0  0  0  0  0  0 
 1 -1  0  0  1  0  0  0  0  0  0  0 
-1 -1  0  0  1  0  0  0  0  0  0  0 
 0  0 -1 -1  0  1  0  0  0  0  0  0 
 0  0  0  0 -1  0  1  1  0  0  0  0 
 0  0  0  0  0 -1  0  0 -1  1  0  0 
 0  0  0  0  0 -1  0  0  1  0  1  0 
 0  0  0  0  0  0  1 -1  0  0  0 -1 
 0  0  0  0  0  0 -1  0  0  0  1  0 
 0  0  0  0  0  0  0 -1  0 -1  0  1 
 0  0  0  0  0  0  0  0  1  0 -1  0 
414
 0 -1 -1  1  0  0  0  0  0  0  0  0 
 1  0  1  1  0  0  0  0  0  0  0  0 
 1 -1  0  0 -1  0  0  0  0  0  0  0 
-1 -1  0  0  1  0  0  0  0  0  0  0 
 0  0  1 -1  0 -1  0  0  0  0  0  0 
 0  0  0  0  1  0  1  0  0  0  0  0 
 0  0  0  0  0 -1  0  0  1  1  0  0 
 0  0  0  0  0  0  0  0 -1  0  1  0 
 0  0  0  0  0  0 -1  1  0  0  0 -1 
 0  0  0  0  0  0 -1  0  0  0  1  1 
 0  0  0  0  0  0  0 -1  0 -1  0  1 
 0  0  0  0  0  0  0  0  1 -1 -1  0 
345
 0 -1 -1 -1  0  0  0  0  0  0  0  0 
 1  0 -1  1  0  0  0  0  0  0  0  0 
 1  1  0  0 -1  0  0  0  0  0  0  0 
 1 -1  0  0  1  0  0  0  0  0  0  0 
 0  0  1 -1  0 -1  0  0  0  0  0  0 
 0  0  0  0  1  0  1 -1  0  0  0  0 
 0  0  0  0  0 -1  0  0  1  1  0  0 
 0  0  0  0  0  1  0  0 -1  0  0  0 
 0  0  0  0  0  0 -1  1  0  0  0 -1 
 0  0  0  0  0  0 -1  0  0  0  1  1 
 0  0  0  0  0  0  0  0  0 -1  0  1 
 0  0  0  0  0  0  0  0  1 -1 -1  0 
311
 0  0  1  1  0  0  0  0  0  0  0  0 
 0  0  1  1  0  0  0  0  0  0  0  0 
-1 -1  0  0  1  0  0  0  0  0  0  0 
-1 -1  0  0  1  0  0  0  0  0  0  0 
 0  0 -1 -1  0  1  0  0  0  0  0  0 
 0  0  0  0 -1  0  1 -1  0  0  0  0 
 0  0  0  0  0 -1  0  0 -1  1  0  0 
 0  0  0  0  0  1  0  0 -1  0 -1  0 
 0  0  0  0  0  0  1  1  0  0  0 -1 
 0  0  0  0  0  0 -1  0  0  0  1  1 
 0  0  0  0  0  0  0  1  0 -1  0  1 
 0  0  0  0  0  0  0  0  1 -1 -1  0 
405
 0  0  1  1  0  0  0  0  0  0  0  0 
 0  0  1  1  0  0  0  0  0  0  0  0 
-1 -1  0  0  1  0  0  0  0  0  0  0 
-1 -1  0  0  1  0  0  0  0  0  0  0 
 0  0 -1 -1  0  1  0  0  0  0  0  0 
 0  0  0  0 -1  0 -1  1  0  0  0  0 
 0  0  0  0  0  1  0  0 -1 -1  0  0 
 0  0  0  0  0 -1  0  0 -1  0  1  0 
 0  0  0  0  0  0  1  1  0  0  0  1 
 0  0  0  0  0  0  1  0  0  0 -1 -1 
 0  0  0  0  0  0  0 -1  0  1  0  1 
 0  0  0  0  0  0  0  0 -1  1 -1  0 
208
 0  0  1  1  0  0  0  0  0  0  0  0 
 0  0  1  1  0  0  0  0  0  0  0  0 
-1 -1  0  0  1  0  0  0  0  0  0  0 
-1 -1  0  0  1  0  0  0  0  0  0  0 
 0  0 -1 -1  0  1  0  0  0  0  0  0 
 0  0  0  0 -1  0 -1  1  0  0  0  0 
 0  0  0  0  0  1  0  0  1 -1  0  0 
 0  0  0  0  0 -1  0  0  1  0  1  0 
 0  0  0  0  0  0 -1 -1  0  0  0 -1 
 0  0  0  0  0  0  1  0  0  0 -1 -1 
 0  0  0  0  0  0  0 -1  0  1  0  1 
 0  0  0  0  0  0  0  0  1  1 -1  0 
453
 0  1  1  1  0  0  0  0  0  0  0  0 
-1  0  1  1  0  0  0  0  0  0  0  0 
-1 -1  0  0 -1  0  0  0  0  0  0  0 
-1 -1  0  0  1  0  0  0  0  0  0  0 
 0  0  1 -1  0  1  0  0  0  0  0  0 
 0  0  0  0 -1  0  0  1  0  0  0  0 
 0  0  0  0  0  0  0  0 -1  1  0  0 
 0  0  0  0  0 -1  0  0  0  0 -1  1 
 0  0  0  0  0  0  1  0  0  0  1  1 
 0  0  0  0  0  0 -1  0  0  0  1  1 
 0  0  0  0  0  0  0  1 -1 -1  0  0 
 0  0  0  0  0  0  0 -1 -1 -1  0  0 
91
 0  0  1  1  0  0  0  0  0  0  0  0 
 0  0  1  1  0  0  0  0  0  0  0  0 
-1 -1  0  0  1  0  0  0  0  0  0  0 
-1 -1  0  0  1  0  0  0  0  0  0  0 
 0  0 -1 -1  0  1  0  0  0  0  0  0 
 0  0  0  0 -1  0  1  1  0  0  0  0 
 0  0  0  0  0 -1  0  0  1  1  0  0 
 0  0  0  0  0 -1  0  0  0  0  1  1 
 0  0  0  0  0  0 -1  0  0  0  1 -1 
 0  0  0  0  0  0 -1  0  0  0 -1  1 
 0  0  0  0  0  0  0 -1 -1  1  0  0 
 0  0  0  0  0  0  0 -1  1 -1  0  0 
155
 0  0  1  1  0  0  0  0  0  0  0  0 
 0  0  1  1  0  0  0  0  0  0  0  0 
-1 -1  0  0  1  0  0  0  0  0  0  0 
-1 -1  0  0  1  0  0  0  0  0  0  0 
 0  0 -1 -1  0  1  0  0  0  0  0  0 
 0  0  0  0 -1  0  1  1  0  0  0  0 
 0  0  0  0  0 -1  0  0  1  1  0  0 
 0  0  0  0  0 -1  0  0  0  0  1  1 
 0  0  0  0  0  0 -1  0  0  0  1 -1 
 0  0  0  0  0  0 -1  0  0  0 -1  1 
 0  0  0  0  0  0  0 -1 -1  1  0  0 
 0  0  0  0  0  0  0 -1  1 -1  0  0 
230
 0  0  1  1  0  0  0  0  0  0  0  0 
 0  0  1  1  0  0  0  0  0  0  0  0 
-1 -1  0  0  1  0  0  0  0  0  0  0 
-1 -1  0  0  1  0  0  0  0  0  0  0 
 0  0 -1 -1  0  1  0  0  0  0  0  0 
 0  0  0  0 -1  0  1  1  0  0  0  0 
 0  0  0  0  0 -1  0  0  1  1  0  0 
 0  0  0  0  0 -1  0  0  0  0  1  1 
 0  0  0  0  0  0 -1  0  0  0  1 -1 
 0  0  0  0  0  0 -1  0  0  0 -1  1 
 0  0  0  0  0  0  0 -1 -1  1  0  0 
 0  0  0  0  0  0  0 -1  1 -1  0  0 
397
 0  0  1  1  0  0  0  0  0  0  0  0 
 0  0  1  1  0  0  0  0  0  0  0  0 
-1 -1  0  0  1  0  0  0  0  0  0  0 
-1 -1  0  0  1  0  0  0  0  0  0  0 
 0  0 -1 -1  0  1  0  0  0  0  0  0 
 0  0  0  0 -1  0  1  1  0  0  0  0 
 0  0  0  0  0 -1  0  0  1  1  0  0 
 0  0  0  0  0 -1  0  0  0  0  1  1 
 0  0  0  0  0  0 -1  0  0  0  1 -1 
 0  0  0  0  0  0 -1  0  0  0 -1  1 
 0  0  0  0  0  0  0 -1 -1  1  0  0 
 0  0  0  0  0  0  0 -1  1 -1  0  0 
423
 0  0  1  1  0  0  0  0  0  0  0  0 
 0  0  1  1  0  0  0  0  0  0  0  0 
-1 -1  0  0  1  0  0  0  0  0  0  0 
-1 -1  0  0  1  0  0  0  0  0  0  0 
 0  0 -1 -1  0  1  0  0  0  0  0  0 
 0  0  0  0 -1  0  1  1  0  0  0  0 
 0  0  0  0  0 -1  0  0  1  1  0  0 
 0  0  0  0  0 -1  0  0  0  0  1  1 
 0  0  0  0  0  0 -1  0  0  0  1 -1 
 0  0  0  0  0  0 -1  0  0  0 -1  1 
 0  0  0  0  0  0  0 -1 -1  1  0  0 
 0  0  0  0  0  0  0 -1  1 -1  0  0 
427
 0  0  1  1  0  0  0  0  0  0  0  0 
 0  0  1  1  0  0  0  0  0  0  0  0 
-1 -1  0  0  1  0  0  0  0  0  0  0 
-1 -1  0  0  1  0  0  0  0  0  0  0 
 0  0 -1 -1  0  1  0  0  0  0  0  0 
 0  0  0  0 -1  0  1  1  0  0  0  0 
 0  0  0  0  0 -1  0  0  1  1  0  0 
 0  0  0  0  0 -1  0  0  0  0  1  1 
 0  0  0  0  0  0 -1  0  0  0  1 -1 
 0  0  0  0  0  0 -1  0  0  0 -1  1 
 0  0  0  0  0  0  0 -1 -1  1  0  0 
 0  0  0  0  0  0  0 -1  1 -1  0  0 
433
 0  0  1  1  0  0  0  0  0  0  0  0 
 0  0  1  1  0  0  0  0  0  0  0  0 
-1 -1  0  0  1  0  0  0  0  0  0  0 
-1 -1  0  0  1  0  0  0  0  0  0  0 
 0  0 -1 -1  0  1  0  0  0  0  0  0 
 0  0  0  0 -1  0  1  1  0  0  0  0 
 0  0  0  0  0 -1  0  0  1  1  0  0 
 0  0  0  0  0 -1  0  0  0  0  1  1 
 0  0  0  0  0  0 -1  0  0  0  1 -1 
 0  0  0  0  0  0 -1  0  0  0 -1  1 
 0  0  0  0  0  0  0 -1 -1  1  0  0 
 0  0  0  0  0  0  0 -1  1 -1  0  0 
434
 0  0  1  1  0  0  0  0  0  0  0  0 
 0  0  1  1  0  0  0  0  0  0  0  0 
-1 -1  0  0  1  0  0  0  0  0  0  0 
-1 -1  0  0  1  0  0  0  0  0  0  0 
 0  0 -1 -1  0  1  0  0  0  0  0  0 
 0  0  0  0 -1  0  1  1  0  0  0  0 
 0  0  0  0  0 -1  0  0  1  1  0  0 
 0  0  0  0  0 -1  0  0  0  0  1  1 
 0  0  0  0  0  0 -1  0  0  0  1 -1 
 0  0  0  0  0  0 -1  0  0  0 -1  1 
 0  0  0  0  0  0  0 -1 -1  1  0  0 
 0  0  0  0  0  0  0 -1  1 -1  0  0 
305
 0  0  1  1  0  0  0  0  0  0  0  0 
 0  0  1  1  0  0  0  0  0  0  0  0 
-1 -1  0  0  1  0  0  0  0  0  0  0 
-1 -1  0  0  1  0  0  0  0  0  0  0 
 0  0 -1 -1  0  1  0  0  0  0  0  0 
 0  0  0  0 -1  0 -1  1  0  0  0  0 
 0  0  0  0  0  1  0  0 -1 -1  0  0 
 0  0  0  0  0 -1  0  0  0  0  1  1 
 0  0  0  0  0  0  1  0  0  0  1 -1 
 0  0  0  0  0  0  1  0  0  0 -1  1 
 0  0  0  0  0  0  0 -1 -1  1  0  0 
 0  0  0  0  0  0  0 -1  1 -1  0  0 
344
 0  0  1  1  0  0  0  0  0  0  0  0 
 0  0  1  1  0  0  0  0  0  0  0  0 
-1 -1  0  0  1  0  0  0  0  0  0  0 
-1 -1  0  0  1  0  0  0  0  0  0  0 
 0  0 -1 -1  0  1  0  0  0  0  0  0 
 0  0  0  0 -1  0 -1  1  0  0  0  0 
 0  0  0  0  0  1  0  0 -1 -1  0  0 
 0  0  0  0  0 -1  0  0  0  0  1  1 
 0  0  0  0  0  0  1  0  0  0  1 -1 
 0  0  0  0  0  0  1  0  0  0 -1  1 
 0  0  0  0  0  0  0 -1 -1  1  0  0 
 0  0  0  0  0  0  0 -1  1 -1  0  0 
349
 0  0  1  1  0  0  0  0  0  0  0  0 
 0  0  1  1  0  0  0  0  0  0  0  0 
-1 -1  0  0  1  0  0  0  0  0  0  0 
-1 -1  0  0  1  0  0  0  0  0  0  0 
 0  0 -1 -1  0  1  0  0  0  0  0  0 
 0  0  0  0 -1  0 -1  1  0  0  0  0 
 0  0  0  0  0  1  0  0 -1 -1  0  0 
 0  0  0  0  0 -1  0  0  0  0  1  1 
 0  0  0  0  0  0  1  0  0  0  1 -1 
 0  0  0  0  0  0  1  0  0  0 -1  1 
 0  0  0  0  0  0  0 -1 -1  1  0  0 
 0  0  0  0  0  0  0 -1  1 -1  0  0 
276
 0  1 -1  1  0  0  0  0  0  0  0  0 
-1  0  0  1  0  0  0  0  0  0  0  0 
 1  0  0  0  1  0  0  0  0  0  0  0 
-1 -1  0  0  1  0  0  0  0  0  0  0 
 0  0 -1 -1  0  1  0  0  0  0  0  0 
 0  0  0  0 -1  0 -1  1  0  0  0  0 
 0  0  0  0  0  1  0  0 -1 -1  0  0 
 0  0  0  0  0 -1  0  0  0  0  1  1 
 0  0  0  0  0  0  1  0  0  0  1 -1 
 0  0  0  0  0  0  1  0  0  0 -1  1 
 0  0  0  0  0  0  0 -1 -1  1  0  0 
 0  0  0  0  0  0  0 -1  1 -1  0  0 
251
 0 -1 -1  1  0  0  0  0  0  0  0  0 
 1  0  1  0  0  0  0  0  0  0  0  0 
 1 -1  0  0 -1  0  0  0  0  0  0  0 
-1  0  0  0 -1  0  0  0  0  0  0  0 
 0  0  1  1  0  1  0  0  0  0  0  0 
 0  0  0  0 -1  0 -1  1  0  0  0  0 
 0  0  0  0  0  1  0  0 -1 -1  0  0 
 0  0  0  0  0 -1  0  0  0  0  1  1 
 0  0  0  0  0  0  1  0  0  0  1 -1 
 0  0  0  0  0  0  1  0  0  0 -1  1 
 0  0  0  0  0  0  0 -1 -1  1  0  0 
 0  0  0  0  0  0  0 -1  1 -1  0  0 
210
 0  0  1 -1  0  0  0  0  0  0  0  0 
 0  0 -1  1  0  0  0  0  0  0  0  0 
-1  1  0  0 -1  0  0  0  0  0  0  0 
 1 -1  0  0 -1  0  0  0  0  0  0  0 
 0  0  1  1  0  1  0  0  0  0  0  0 
 0  0  0  0 -1  0 -1  1  0  0  0  0 
 0  0  0  0  0  1  0  0 -1 -1  0  0 
 0  0  0  0  0 -1  0  0  0  0  1  1 
 0  0  0  0  0  0  1  0  0  0  1 -1 
 0  0  0  0  0  0  1  0  0  0 -1  1 
 0  0  0  0  0  0  0 -1 -1  1  0  0 
 0  0  0  0  0  0  0 -1  1 -1  0  0 
211
 0  0  1 -1  0  0  0  0  0  0  0  0 
 0  0 -1  1  0  0  0  0  0  0  0  0 
-1  1  0  0 -1  0  0  0  0  0  0  0 
 1 -1  0  0 -1  0  0  0  0  0  0  0 
 0  0  1  1  0  1  0  0  0  0  0  0 
 0  0  0  0 -1  0 -1  1  0  0  0  0 
 0  0  0  0  0  1  0  0 -1 -1  0  0 
 0  0  0  0  0 -1  0  0  0  0  1  1 
 0  0  0  0  0  0  1  0  0  0  1 -1 
 0  0  0  0  0  0  1  0  0  0 -1  1 
 0  0  0  0  0  0  0 -1 -1  1  0  0 
 0  0  0  0  0  0  0 -1  1 -1  0  0 
329
 0  0  1 -1  0  0  0  0  0  0  0  0 
 0  0 -1  1  0  0  0  0  0  0  0  0 
-1  1  0  0  1  0  0  0  0  0  0  0 
 1 -1  0  0  1  0  0  0  0  0  0  0 
 0  0 -1 -1  0 -1  0  0  0  0  0  0 
 0  0  0  0  1  0 -1  1  0  0  0  0 
 0  0  0  0  0  1  0  0 -1 -1  0  0 
 0  0  0  0  0 -1  0  0  0  0  1  1 
 0  0  0  0  0  0  1  0  0  0  1 -1 
 0  0  0  0  0  0  1  0  0  0 -1  1 
 0  0  0  0  0  0  0 -1 -1  1  0  0 
 0  0  0  0  0  0  0 -1  1 -1  0  0 
376
 0  0  1 -1  0  0  0  0  0  0  0  0 
 0  0 -1  1  0  0  0  0  0  0  0  0 
-1  1  0  0  1  0  0  0  0  0  0  0 
 1 -1  0  0  1  0  0  0  0  0  0  0 
 0  0 -1 -1  0 -1  0  0  0  0  0  0 
 0  0  0  0  1  0 -1  1  0  0  0  0 
 0  0  0  0  0  1  0  0 -1 -1  0  0 
 0  0  0  0  0 -1  0  0  0  0  1  1 
 0  0  0  0  0  0  1  0  0  0  1 -1 
 0  0  0  0  0  0  1  0  0  0 -1  1 
 0  0  0  0  0  0  0 -1 -1  1  0  0 
 0  0  0  0  0  0  0 -1  1 -1  0  0 
440
 0  0  1 -1  0  0  0  0  0  0  0  0 
 0  0 -1  1  0  0  0  0  0  0  0  0 
-1  1  0  0  1  0  0  0  0  0  0  0 
 1 -1  0  0  1  0  0  0  0  0  0  0 
 0  0 -1 -1  0 -1  0  0  0  0  0  0 
 0  0  0  0  1  0 -1  1  0  0  0  0 
 0  0  0  0  0  1  0  0 -1 -1  0  0 
 0  0  0  0  0 -1  0  0  0  0  1  1 
 0  0  0  0  0  0  1  0  0  0  1 -1 
 0  0  0  0  0  0  1  0  0  0 -1  1 
 0  0  0  0  0  0  0 -1 -1  1  0  0 
 0  0  0  0  0  0  0 -1  1 -1  0  0 
133
 0  1 -1  0  0  0  0  0  0  0  0  0 
-1  0 -1  1  0  0  0  0  0  0  0  0 
 1  1  0  0 -1  0  0  0  0  0  0  0 
 0 -1  0  0 -1  0  0  0  0  0  0  0 
 0  0  1  1  0 -1  0  0  0  0  0  0 
 0  0  0  0  1  0 -1  1  0  0  0  0 
 0  0  0  0  0  1  0  0 -1 -1  0  0 
 0  0  0  0  0 -1  0  0  0  0  1  1 
 0  0  0  0  0  0  1  0  0  0  1 -1 
 0  0  0  0  0  0  1  0  0  0 -1  1 
 0  0  0  0  0  0  0 -1 -1  1  0  0 
 0  0  0  0  0  0  0 -1  1 -1  0  0 
314
 0  0  1 -1  0  0  0  0  0  0  0  0 
 0  0 -1  1  0  0  0  0  0  0  0  0 
-1  1  0  0  1  0  0  0  0  0  0  0 
 1 -1  0  0  1  0  0  0  0  0  0  0 
 0  0 -1 -1  0  1  0  0  0  0  0  0 
 0  0  0  0 -1  0  1  1  0  0  0  0 
 0  0  0  0  0 -1  0  0 -1 -1  0  0 
 0  0  0  0  0 -1  0  0  0  0 -1 -1 
 0  0  0  0  0  0  1  0  0  0  1 -1 
 0  0  0  0  0  0  1  0  0  0 -1  1 
 0  0  0  0  0  0  0  1 -1  1  0  0 
 0  0  0  0  0  0  0  1  1 -1  0  0 
62
 0 -1 -1  1  0  0  0  0  0  0  0  0 
 1  0  1  0  0  0  0  0  0  0  0  0 
 1 -1  0  0 -1  0  0  0  0  0  0  0 
-1  0  0  0 -1  0  0  0  0  0  0  0 
 0  0  1  1  0  1  0  0  0  0  0  0 
 0  0  0  0 -1  0  1  1  0  0  0  0 
 0  0  0  0  0 -1  0  0 -1 -1  0  0 
 0  0  0  0  0 -1  0  0  0  0 -1 -1 
 0  0  0  0  0  0  1  0  0  0  1 -1 
 0  0  0  0  0  0  1  0  0  0 -1  1 
 0  0  0  0  0  0  0  1 -1  1  0  0 
 0  0  0  0  0  0  0  1  1 -1  0  0 
89
 0  0  1  1  0  0  0  0  0  0  0  0 
 0  0  1  1  0  0  0  0  0  0  0  0 
-1 -1  0  0  1  0  0  0  0  0  0  0 
-1 -1  0  0  1  0  0  0  0  0  0  0 
 0  0 -1 -1  0  1  0  0  0  0  0  0 
 0  0  0  0 -1  0 -1 -1  0  0  0  0 
 0  0  0  0  0  1  0  0 -1 -1  0  0 
 0  0  0  0  0  1  0  0  0  0 -1 -1 
 0  0  0  0  0  0  1  0  0  0  1 -1 
 0  0  0  0  0  0  1  0  0  0 -1  1 
 0  0  0  0  0  0  0  1 -1  1  0  0 
 0  0  0  0  0  0  0  1  1 -1  0  0 
115
 0  0  1  1  0  0  0  0  0  0  0  0 
 0  0  1  1  0  0  0  0  0  0  0  0 
-1 -1  0  0  1  0  0  0  0  0  0  0 
-1 -1  0  0  1  0  0  0  0  0  0  0 
 0  0 -1 -1  0  1  0  0  0  0  0  0 
 0  0  0  0 -1  0 -1 -1  0  0  0  0 
 0  0  0  0  0  1  0  0 -1 -1  0  0 
 0  0  0  0  0  1  0  0  0  0 -1 -1 
 0  0  0  0  0  0  1  0  0  0  1 -1 
 0  0  0  0  0  0  1  0  0  0 -1  1 
 0  0  0  0  0  0  0  1 -1  1  0  0 
 0  0  0  0  0  0  0  1  1 -1  0  0 
159
 0  0  1  1  0  0  0  0  0  0  0  0 
 0  0  1  1  0  0  0  0  0  0  0  0 
-1 -1  0  0  1  0  0  0  0  0  0  0 
-1 -1  0  0  1  0  0  0  0  0  0  0 
 0  0 -1 -1  0  1  0  0  0  0  0  0 
 0  0  0  0 -1  0 -1 -1  0  0  0  0 
 0  0  0  0  0  1  0  0 -1 -1  0  0 
 0  0  0  0  0  1  0  0  0  0 -1 -1 
 0  0  0  0  0  0  1  0  0  0  1 -1 
 0  0  0  0  0  0  1  0  0  0 -1  1 
 0  0  0  0  0  0  0  1 -1  1  0  0 
 0  0  0  0  0  0  0  1  1 -1  0  0 
352
 0  0  1  1  0  0  0  0  0  0  0  0 
 0  0  1  1  0  0  0  0  0  0  0  0 
-1 -1  0  0  1  0  0  0  0  0  0  0 
-1 -1  0  0  1  0  0  0  0  0  0  0 
 0  0 -1 -1  0  1  0  0  0  0  0  0 
 0  0  0  0 -1  0 -1 -1  0  0  0  0 
 0  0  0  0  0  1  0  0 -1 -1  0  0 
 0  0  0  0  0  1  0  0  0  0 -1 -1 
 0  0  0  0  0  0  1  0  0  0  1 -1 
 0  0  0  0  0  0  1  0  0  0 -1  1 
 0  0  0  0  0  0  0  1 -1  1  0  0 
 0  0  0  0  0  0  0  1  1 -1  0  0 
